<?xml version="1.0" encoding="UTF-8" ?>
<testsuite failures="0" time="0.223" errors="0" skipped="0" tests="1" name="org.uhug.code.sample.pig.udf.matt.SimpleWordCleanerDBTest">
  <properties>
    <property name="java.runtime.name" value="Java(TM) SE Runtime Environment"/>
    <property name="sun.boot.library.path" value="/Library/Java/JavaVirtualMachines/jdk1.7.0_45.jdk/Contents/Home/jre/lib"/>
    <property name="java.vm.version" value="24.45-b08"/>
    <property name="gopherProxySet" value="false"/>
    <property name="java.vm.vendor" value="Oracle Corporation"/>
    <property name="java.vendor.url" value="http://java.oracle.com/"/>
    <property name="path.separator" value=":"/>
    <property name="java.vm.name" value="Java HotSpot(TM) 64-Bit Server VM"/>
    <property name="file.encoding.pkg" value="sun.io"/>
    <property name="user.country" value="US"/>
    <property name="sun.java.launcher" value="SUN_STANDARD"/>
    <property name="sun.os.patch.level" value="unknown"/>
    <property name="java.vm.specification.name" value="Java Virtual Machine Specification"/>
    <property name="user.dir" value="/Users/matt/src/github/matt-davies/uhug/code/uhug-2014-06-can-a-pig-wear-lipstick"/>
    <property name="java.runtime.version" value="1.7.0_45-b18"/>
    <property name="java.awt.graphicsenv" value="sun.awt.CGraphicsEnvironment"/>
    <property name="basedir" value="/Users/matt/src/github/matt-davies/uhug/code/uhug-2014-06-can-a-pig-wear-lipstick"/>
    <property name="java.endorsed.dirs" value="/Library/Java/JavaVirtualMachines/jdk1.7.0_45.jdk/Contents/Home/jre/lib/endorsed"/>
    <property name="os.arch" value="x86_64"/>
    <property name="surefire.real.class.path" value="/Users/matt/src/github/matt-davies/uhug/code/uhug-2014-06-can-a-pig-wear-lipstick/target/surefire/surefirebooter6918514045287347507.jar"/>
    <property name="java.io.tmpdir" value="/var/folders/ms/k68dyf2j1ns6f_05p5wd64sw0000gn/T/"/>
    <property name="line.separator" value="
"/>
    <property name="java.vm.specification.vendor" value="Oracle Corporation"/>
    <property name="os.name" value="Mac OS X"/>
    <property name="sun.jnu.encoding" value="UTF-8"/>
    <property name="java.library.path" value=":/Users/matt/apps/MATLAB/MATLAB_Compiler_Runtime/v81/runtime/maci64:/Users/matt/apps/MATLAB/MATLAB_Compiler_Runtime/v81/sys/os/maci64:/Users/matt/apps/MATLAB/MATLAB_Compiler_Runtime/v81/bin/maci64:/Users/matt/Library/Java/Extensions:/Library/Java/Extensions:/Network/Library/Java/Extensions:/System/Library/Java/Extensions:/usr/lib/java:."/>
    <property name="surefire.test.class.path" value="/Users/matt/src/github/matt-davies/uhug/code/uhug-2014-06-can-a-pig-wear-lipstick/target/test-classes:/Users/matt/src/github/matt-davies/uhug/code/uhug-2014-06-can-a-pig-wear-lipstick/target/classes:/Users/matt/.m2/repository/org/apache/pig/pig/0.12.0-cdh5.0.2/pig-0.12.0-cdh5.0.2.jar:/Users/matt/.m2/repository/commons-cli/commons-cli/1.2/commons-cli-1.2.jar:/Users/matt/.m2/repository/xmlenc/xmlenc/0.52/xmlenc-0.52.jar:/Users/matt/.m2/repository/commons-httpclient/commons-httpclient/3.1/commons-httpclient-3.1.jar:/Users/matt/.m2/repository/commons-logging/commons-logging/1.0.4/commons-logging-1.0.4.jar:/Users/matt/.m2/repository/commons-codec/commons-codec/1.4/commons-codec-1.4.jar:/Users/matt/.m2/repository/commons-net/commons-net/3.1/commons-net-3.1.jar:/Users/matt/.m2/repository/org/mortbay/jetty/jetty/6.1.26.cloudera.2/jetty-6.1.26.cloudera.2.jar:/Users/matt/.m2/repository/org/mortbay/jetty/jetty-util/6.1.26.cloudera.2/jetty-util-6.1.26.cloudera.2.jar:/Users/matt/.m2/repository/tomcat/jasper-runtime/5.5.23/jasper-runtime-5.5.23.jar:/Users/matt/.m2/repository/javax/servlet/servlet-api/2.4/servlet-api-2.4.jar:/Users/matt/.m2/repository/org/apache/hbase/hbase-client/0.96.1.1-cdh5.0.2/hbase-client-0.96.1.1-cdh5.0.2.jar:/Users/matt/.m2/repository/org/apache/hbase/hbase-common/0.96.1.1-cdh5.0.2/hbase-common-0.96.1.1-cdh5.0.2.jar:/Users/matt/.m2/repository/commons-collections/commons-collections/3.2.1/commons-collections-3.2.1.jar:/Users/matt/.m2/repository/org/apache/hadoop/hadoop-core/2.3.0-mr1-cdh5.0.2/hadoop-core-2.3.0-mr1-cdh5.0.2.jar:/Users/matt/.m2/repository/javax/servlet/jsp/jsp-api/2.1/jsp-api-2.1.jar:/Users/matt/.m2/repository/org/apache/hbase/hbase-protocol/0.96.1.1-cdh5.0.2/hbase-protocol-0.96.1.1-cdh5.0.2.jar:/Users/matt/.m2/repository/commons-io/commons-io/2.4/commons-io-2.4.jar:/Users/matt/.m2/repository/com/google/protobuf/protobuf-java/2.5.0/protobuf-java-2.5.0.jar:/Users/matt/.m2/repository/io/netty/netty/3.6.6.Final/netty-3.6.6.Final.jar:/Users/matt/.m2/repository/org/apache/zookeeper/zookeeper/3.4.5-cdh5.0.2/zookeeper-3.4.5-cdh5.0.2.jar:/Users/matt/.m2/repository/org/cloudera/htrace/htrace-core/2.01/htrace-core-2.01.jar:/Users/matt/.m2/repository/org/codehaus/jackson/jackson-mapper-asl/1.8.8/jackson-mapper-asl-1.8.8.jar:/Users/matt/.m2/repository/org/apache/hadoop/hadoop-common/2.3.0-cdh5.0.2/hadoop-common-2.3.0-cdh5.0.2.jar:/Users/matt/.m2/repository/org/apache/commons/commons-math3/3.1.1/commons-math3-3.1.1.jar:/Users/matt/.m2/repository/com/sun/jersey/jersey-core/1.9/jersey-core-1.9.jar:/Users/matt/.m2/repository/com/sun/jersey/jersey-json/1.9/jersey-json-1.9.jar:/Users/matt/.m2/repository/org/codehaus/jettison/jettison/1.1/jettison-1.1.jar:/Users/matt/.m2/repository/com/sun/xml/bind/jaxb-impl/2.2.3-1/jaxb-impl-2.2.3-1.jar:/Users/matt/.m2/repository/javax/xml/bind/jaxb-api/2.2.2/jaxb-api-2.2.2.jar:/Users/matt/.m2/repository/javax/xml/stream/stax-api/1.0-2/stax-api-1.0-2.jar:/Users/matt/.m2/repository/javax/activation/activation/1.1/activation-1.1.jar:/Users/matt/.m2/repository/org/codehaus/jackson/jackson-jaxrs/1.8.3/jackson-jaxrs-1.8.3.jar:/Users/matt/.m2/repository/org/codehaus/jackson/jackson-xc/1.8.3/jackson-xc-1.8.3.jar:/Users/matt/.m2/repository/commons-configuration/commons-configuration/1.6/commons-configuration-1.6.jar:/Users/matt/.m2/repository/commons-digester/commons-digester/1.8/commons-digester-1.8.jar:/Users/matt/.m2/repository/commons-beanutils/commons-beanutils/1.7.0/commons-beanutils-1.7.0.jar:/Users/matt/.m2/repository/commons-beanutils/commons-beanutils-core/1.8.0/commons-beanutils-core-1.8.0.jar:/Users/matt/.m2/repository/org/apache/hadoop/hadoop-auth/2.3.0-cdh5.0.2/hadoop-auth-2.3.0-cdh5.0.2.jar:/Users/matt/.m2/repository/org/apache/httpcomponents/httpclient/4.2.5/httpclient-4.2.5.jar:/Users/matt/.m2/repository/org/apache/httpcomponents/httpcore/4.2.4/httpcore-4.2.4.jar:/Users/matt/.m2/repository/org/apache/hadoop/hadoop-annotations/2.3.0-cdh5.0.2/hadoop-annotations-2.3.0-cdh5.0.2.jar:/Library/Java/JavaVirtualMachines/jdk1.7.0_45.jdk/Contents/Home/jre/../lib/tools.jar:/Users/matt/.m2/repository/com/github/stephenc/findbugs/findbugs-annotations/1.3.9-1/findbugs-annotations-1.3.9-1.jar:/Users/matt/.m2/repository/org/apache/hbase/hbase-client/0.96.1.1-cdh5.0.2/hbase-client-0.96.1.1-cdh5.0.2-tests.jar:/Users/matt/.m2/repository/tomcat/jasper-compiler/5.5.23/jasper-compiler-5.5.23.jar:/Users/matt/.m2/repository/org/mortbay/jetty/jsp-api-2.1/6.1.14/jsp-api-2.1-6.1.14.jar:/Users/matt/.m2/repository/org/mortbay/jetty/jsp-2.1/6.1.14/jsp-2.1-6.1.14.jar:/Users/matt/.m2/repository/org/eclipse/jdt/core/3.1.1/core-3.1.1.jar:/Users/matt/.m2/repository/ant/ant/1.6.5/ant-1.6.5.jar:/Users/matt/.m2/repository/commons-el/commons-el/1.0/commons-el-1.0.jar:/Users/matt/.m2/repository/org/python/jython-standalone/2.5.2/jython-standalone-2.5.2.jar:/Users/matt/.m2/repository/com/google/guava/guava/11.0.2/guava-11.0.2.jar:/Users/matt/.m2/repository/com/google/code/findbugs/jsr305/1.3.9/jsr305-1.3.9.jar:/Users/matt/.m2/repository/net/java/dev/jets3t/jets3t/0.6.1/jets3t-0.6.1.jar:/Users/matt/.m2/repository/org/mortbay/jetty/servlet-api-2.5/6.1.14/servlet-api-2.5-6.1.14.jar:/Users/matt/.m2/repository/net/sf/kosmosfs/kfs/0.3/kfs-0.3.jar:/Users/matt/.m2/repository/hsqldb/hsqldb/1.8.0.10/hsqldb-1.8.0.10.jar:/Users/matt/.m2/repository/oro/oro/2.0.8/oro-2.0.8.jar:/Users/matt/.m2/repository/org/apache/avro/avro/1.7.5-cdh5.0.2/avro-1.7.5-cdh5.0.2.jar:/Users/matt/.m2/repository/org/codehaus/jackson/jackson-core-asl/1.9.13/jackson-core-asl-1.9.13.jar:/Users/matt/.m2/repository/com/thoughtworks/paranamer/paranamer/2.3/paranamer-2.3.jar:/Users/matt/.m2/repository/org/xerial/snappy/snappy-java/1.0.5/snappy-java-1.0.5.jar:/Users/matt/.m2/repository/org/apache/commons/commons-compress/1.4.1/commons-compress-1.4.1.jar:/Users/matt/.m2/repository/org/tukaani/xz/1.0/xz-1.0.jar:/Users/matt/.m2/repository/org/slf4j/slf4j-api/1.6.4/slf4j-api-1.6.4.jar:/Users/matt/.m2/repository/com/jcraft/jsch/0.1.42/jsch-0.1.42.jar:/Users/matt/.m2/repository/jline/jline/0.9.94/jline-0.9.94.jar:/Users/matt/.m2/repository/joda-time/joda-time/1.6/joda-time-1.6.jar:/Users/matt/.m2/repository/commons-lang/commons-lang/2.6/commons-lang-2.6.jar:/Users/matt/.m2/repository/dk/brics/automaton/automaton/1.11-8/automaton-1.11-8.jar:/Users/matt/.m2/repository/org/fusesource/jansi/jansi/1.9/jansi-1.9.jar:/Users/matt/.m2/repository/log4j/log4j/1.2.17/log4j-1.2.17.jar:/Users/matt/.m2/repository/org/slf4j/slf4j-log4j12/1.7.5/slf4j-log4j12-1.7.5.jar:/Users/matt/.m2/repository/junit/junit/4.8.1/junit-4.8.1.jar:"/>
    <property name="java.specification.name" value="Java Platform API Specification"/>
    <property name="java.class.version" value="51.0"/>
    <property name="sun.management.compiler" value="HotSpot 64-Bit Tiered Compilers"/>
    <property name="os.version" value="10.8.5"/>
    <property name="http.nonProxyHosts" value="local|*.local|169.254/16|*.169.254/16"/>
    <property name="user.home" value="/Users/matt"/>
    <property name="user.timezone" value="America/Denver"/>
    <property name="java.awt.printerjob" value="sun.lwawt.macosx.CPrinterJob"/>
    <property name="java.specification.version" value="1.7"/>
    <property name="file.encoding" value="UTF-8"/>
    <property name="user.name" value="matt"/>
    <property name="java.class.path" value="/Users/matt/src/github/matt-davies/uhug/code/uhug-2014-06-can-a-pig-wear-lipstick/target/test-classes:/Users/matt/src/github/matt-davies/uhug/code/uhug-2014-06-can-a-pig-wear-lipstick/target/classes:/Users/matt/.m2/repository/org/apache/pig/pig/0.12.0-cdh5.0.2/pig-0.12.0-cdh5.0.2.jar:/Users/matt/.m2/repository/commons-cli/commons-cli/1.2/commons-cli-1.2.jar:/Users/matt/.m2/repository/xmlenc/xmlenc/0.52/xmlenc-0.52.jar:/Users/matt/.m2/repository/commons-httpclient/commons-httpclient/3.1/commons-httpclient-3.1.jar:/Users/matt/.m2/repository/commons-logging/commons-logging/1.0.4/commons-logging-1.0.4.jar:/Users/matt/.m2/repository/commons-codec/commons-codec/1.4/commons-codec-1.4.jar:/Users/matt/.m2/repository/commons-net/commons-net/3.1/commons-net-3.1.jar:/Users/matt/.m2/repository/org/mortbay/jetty/jetty/6.1.26.cloudera.2/jetty-6.1.26.cloudera.2.jar:/Users/matt/.m2/repository/org/mortbay/jetty/jetty-util/6.1.26.cloudera.2/jetty-util-6.1.26.cloudera.2.jar:/Users/matt/.m2/repository/tomcat/jasper-runtime/5.5.23/jasper-runtime-5.5.23.jar:/Users/matt/.m2/repository/javax/servlet/servlet-api/2.4/servlet-api-2.4.jar:/Users/matt/.m2/repository/org/apache/hbase/hbase-client/0.96.1.1-cdh5.0.2/hbase-client-0.96.1.1-cdh5.0.2.jar:/Users/matt/.m2/repository/org/apache/hbase/hbase-common/0.96.1.1-cdh5.0.2/hbase-common-0.96.1.1-cdh5.0.2.jar:/Users/matt/.m2/repository/commons-collections/commons-collections/3.2.1/commons-collections-3.2.1.jar:/Users/matt/.m2/repository/org/apache/hadoop/hadoop-core/2.3.0-mr1-cdh5.0.2/hadoop-core-2.3.0-mr1-cdh5.0.2.jar:/Users/matt/.m2/repository/javax/servlet/jsp/jsp-api/2.1/jsp-api-2.1.jar:/Users/matt/.m2/repository/org/apache/hbase/hbase-protocol/0.96.1.1-cdh5.0.2/hbase-protocol-0.96.1.1-cdh5.0.2.jar:/Users/matt/.m2/repository/commons-io/commons-io/2.4/commons-io-2.4.jar:/Users/matt/.m2/repository/com/google/protobuf/protobuf-java/2.5.0/protobuf-java-2.5.0.jar:/Users/matt/.m2/repository/io/netty/netty/3.6.6.Final/netty-3.6.6.Final.jar:/Users/matt/.m2/repository/org/apache/zookeeper/zookeeper/3.4.5-cdh5.0.2/zookeeper-3.4.5-cdh5.0.2.jar:/Users/matt/.m2/repository/org/cloudera/htrace/htrace-core/2.01/htrace-core-2.01.jar:/Users/matt/.m2/repository/org/codehaus/jackson/jackson-mapper-asl/1.8.8/jackson-mapper-asl-1.8.8.jar:/Users/matt/.m2/repository/org/apache/hadoop/hadoop-common/2.3.0-cdh5.0.2/hadoop-common-2.3.0-cdh5.0.2.jar:/Users/matt/.m2/repository/org/apache/commons/commons-math3/3.1.1/commons-math3-3.1.1.jar:/Users/matt/.m2/repository/com/sun/jersey/jersey-core/1.9/jersey-core-1.9.jar:/Users/matt/.m2/repository/com/sun/jersey/jersey-json/1.9/jersey-json-1.9.jar:/Users/matt/.m2/repository/org/codehaus/jettison/jettison/1.1/jettison-1.1.jar:/Users/matt/.m2/repository/com/sun/xml/bind/jaxb-impl/2.2.3-1/jaxb-impl-2.2.3-1.jar:/Users/matt/.m2/repository/javax/xml/bind/jaxb-api/2.2.2/jaxb-api-2.2.2.jar:/Users/matt/.m2/repository/javax/xml/stream/stax-api/1.0-2/stax-api-1.0-2.jar:/Users/matt/.m2/repository/javax/activation/activation/1.1/activation-1.1.jar:/Users/matt/.m2/repository/org/codehaus/jackson/jackson-jaxrs/1.8.3/jackson-jaxrs-1.8.3.jar:/Users/matt/.m2/repository/org/codehaus/jackson/jackson-xc/1.8.3/jackson-xc-1.8.3.jar:/Users/matt/.m2/repository/commons-configuration/commons-configuration/1.6/commons-configuration-1.6.jar:/Users/matt/.m2/repository/commons-digester/commons-digester/1.8/commons-digester-1.8.jar:/Users/matt/.m2/repository/commons-beanutils/commons-beanutils/1.7.0/commons-beanutils-1.7.0.jar:/Users/matt/.m2/repository/commons-beanutils/commons-beanutils-core/1.8.0/commons-beanutils-core-1.8.0.jar:/Users/matt/.m2/repository/org/apache/hadoop/hadoop-auth/2.3.0-cdh5.0.2/hadoop-auth-2.3.0-cdh5.0.2.jar:/Users/matt/.m2/repository/org/apache/httpcomponents/httpclient/4.2.5/httpclient-4.2.5.jar:/Users/matt/.m2/repository/org/apache/httpcomponents/httpcore/4.2.4/httpcore-4.2.4.jar:/Users/matt/.m2/repository/org/apache/hadoop/hadoop-annotations/2.3.0-cdh5.0.2/hadoop-annotations-2.3.0-cdh5.0.2.jar:/Library/Java/JavaVirtualMachines/jdk1.7.0_45.jdk/Contents/Home/jre/../lib/tools.jar:/Users/matt/.m2/repository/com/github/stephenc/findbugs/findbugs-annotations/1.3.9-1/findbugs-annotations-1.3.9-1.jar:/Users/matt/.m2/repository/org/apache/hbase/hbase-client/0.96.1.1-cdh5.0.2/hbase-client-0.96.1.1-cdh5.0.2-tests.jar:/Users/matt/.m2/repository/tomcat/jasper-compiler/5.5.23/jasper-compiler-5.5.23.jar:/Users/matt/.m2/repository/org/mortbay/jetty/jsp-api-2.1/6.1.14/jsp-api-2.1-6.1.14.jar:/Users/matt/.m2/repository/org/mortbay/jetty/jsp-2.1/6.1.14/jsp-2.1-6.1.14.jar:/Users/matt/.m2/repository/org/eclipse/jdt/core/3.1.1/core-3.1.1.jar:/Users/matt/.m2/repository/ant/ant/1.6.5/ant-1.6.5.jar:/Users/matt/.m2/repository/commons-el/commons-el/1.0/commons-el-1.0.jar:/Users/matt/.m2/repository/org/python/jython-standalone/2.5.2/jython-standalone-2.5.2.jar:/Users/matt/.m2/repository/com/google/guava/guava/11.0.2/guava-11.0.2.jar:/Users/matt/.m2/repository/com/google/code/findbugs/jsr305/1.3.9/jsr305-1.3.9.jar:/Users/matt/.m2/repository/net/java/dev/jets3t/jets3t/0.6.1/jets3t-0.6.1.jar:/Users/matt/.m2/repository/org/mortbay/jetty/servlet-api-2.5/6.1.14/servlet-api-2.5-6.1.14.jar:/Users/matt/.m2/repository/net/sf/kosmosfs/kfs/0.3/kfs-0.3.jar:/Users/matt/.m2/repository/hsqldb/hsqldb/1.8.0.10/hsqldb-1.8.0.10.jar:/Users/matt/.m2/repository/oro/oro/2.0.8/oro-2.0.8.jar:/Users/matt/.m2/repository/org/apache/avro/avro/1.7.5-cdh5.0.2/avro-1.7.5-cdh5.0.2.jar:/Users/matt/.m2/repository/org/codehaus/jackson/jackson-core-asl/1.9.13/jackson-core-asl-1.9.13.jar:/Users/matt/.m2/repository/com/thoughtworks/paranamer/paranamer/2.3/paranamer-2.3.jar:/Users/matt/.m2/repository/org/xerial/snappy/snappy-java/1.0.5/snappy-java-1.0.5.jar:/Users/matt/.m2/repository/org/apache/commons/commons-compress/1.4.1/commons-compress-1.4.1.jar:/Users/matt/.m2/repository/org/tukaani/xz/1.0/xz-1.0.jar:/Users/matt/.m2/repository/org/slf4j/slf4j-api/1.6.4/slf4j-api-1.6.4.jar:/Users/matt/.m2/repository/com/jcraft/jsch/0.1.42/jsch-0.1.42.jar:/Users/matt/.m2/repository/jline/jline/0.9.94/jline-0.9.94.jar:/Users/matt/.m2/repository/joda-time/joda-time/1.6/joda-time-1.6.jar:/Users/matt/.m2/repository/commons-lang/commons-lang/2.6/commons-lang-2.6.jar:/Users/matt/.m2/repository/dk/brics/automaton/automaton/1.11-8/automaton-1.11-8.jar:/Users/matt/.m2/repository/org/fusesource/jansi/jansi/1.9/jansi-1.9.jar:/Users/matt/.m2/repository/log4j/log4j/1.2.17/log4j-1.2.17.jar:/Users/matt/.m2/repository/org/slf4j/slf4j-log4j12/1.7.5/slf4j-log4j12-1.7.5.jar:/Users/matt/.m2/repository/junit/junit/4.8.1/junit-4.8.1.jar:"/>
    <property name="java.vm.specification.version" value="1.7"/>
    <property name="sun.arch.data.model" value="64"/>
    <property name="java.home" value="/Library/Java/JavaVirtualMachines/jdk1.7.0_45.jdk/Contents/Home/jre"/>
    <property name="sun.java.command" value="/Users/matt/src/github/matt-davies/uhug/code/uhug-2014-06-can-a-pig-wear-lipstick/target/surefire/surefirebooter6918514045287347507.jar /Users/matt/src/github/matt-davies/uhug/code/uhug-2014-06-can-a-pig-wear-lipstick/target/surefire/surefire6003715206525363325tmp /Users/matt/src/github/matt-davies/uhug/code/uhug-2014-06-can-a-pig-wear-lipstick/target/surefire/surefire808694793236409237tmp"/>
    <property name="java.specification.vendor" value="Oracle Corporation"/>
    <property name="user.language" value="en"/>
    <property name="awt.toolkit" value="sun.lwawt.macosx.LWCToolkit"/>
    <property name="java.vm.info" value="mixed mode"/>
    <property name="java.version" value="1.7.0_45"/>
    <property name="java.ext.dirs" value="/Users/matt/Library/Java/Extensions:/Library/Java/JavaVirtualMachines/jdk1.7.0_45.jdk/Contents/Home/jre/lib/ext:/Library/Java/Extensions:/Network/Library/Java/Extensions:/System/Library/Java/Extensions:/usr/lib/java"/>
    <property name="sun.boot.class.path" value="/Library/Java/JavaVirtualMachines/jdk1.7.0_45.jdk/Contents/Home/jre/lib/resources.jar:/Library/Java/JavaVirtualMachines/jdk1.7.0_45.jdk/Contents/Home/jre/lib/rt.jar:/Library/Java/JavaVirtualMachines/jdk1.7.0_45.jdk/Contents/Home/jre/lib/sunrsasign.jar:/Library/Java/JavaVirtualMachines/jdk1.7.0_45.jdk/Contents/Home/jre/lib/jsse.jar:/Library/Java/JavaVirtualMachines/jdk1.7.0_45.jdk/Contents/Home/jre/lib/jce.jar:/Library/Java/JavaVirtualMachines/jdk1.7.0_45.jdk/Contents/Home/jre/lib/charsets.jar:/Library/Java/JavaVirtualMachines/jdk1.7.0_45.jdk/Contents/Home/jre/lib/jfr.jar:/Library/Java/JavaVirtualMachines/jdk1.7.0_45.jdk/Contents/Home/jre/lib/JObjC.jar:/Library/Java/JavaVirtualMachines/jdk1.7.0_45.jdk/Contents/Home/jre/classes"/>
    <property name="java.vendor" value="Oracle Corporation"/>
    <property name="localRepository" value="/Users/matt/.m2/repository"/>
    <property name="file.separator" value="/"/>
    <property name="java.vendor.url.bug" value="http://bugreport.sun.com/bugreport/"/>
    <property name="sun.cpu.endian" value="little"/>
    <property name="sun.io.unicode.encoding" value="UnicodeBig"/>
    <property name="socksNonProxyHosts" value="local|*.local|169.254/16|*.169.254/16"/>
    <property name="ftp.nonProxyHosts" value="local|*.local|169.254/16|*.169.254/16"/>
    <property name="sun.cpu.isalist" value=""/>
  </properties>
  <testcase time="0.154" classname="org.uhug.code.sample.pig.udf.matt.SimpleWordCleanerDBTest" name="testSimple"/>
</testsuite>